生成启动时间为 2019/10/5 15:02:42。
     1>项目“E:\【learing】\C++learning\homework1\268\268\268.vcxproj”在节点 2 上(build 个目标)。
     1>InitializeBuildStatus:
         正在创建“Debug\268.unsuccessfulbuild”，因为已指定“AlwaysCreate”。
       ClCompile:
         所有输出均为最新。
         e:\program files\VS2010\VC\bin\CL.exe /c /ZI /nologo /W3 /WX- /Od /Oy- /D WIN32 /D _DEBUG /D _CONSOLE /D _UNICODE /D UNICODE /Gm /EHsc /RTC1 /MDd /GS /fp:precise /Zc:wchar_t /Zc:forScope /Yu"StdAfx.h" /Fp"Debug\268.pch" /Fo"Debug\\" /Fd"Debug\vc100.pdb" /Gd /TP /analyze- /errorReport:prompt 268.cpp
         268.cpp
       ManifestResourceCompile:
         所有输出均为最新。
       Link:
         e:\program files\VS2010\VC\bin\link.exe /ERRORREPORT:PROMPT /OUT:"E:\【learing】\C++learning\homework1\268\Debug\268.exe" /INCREMENTAL /NOLOGO kernel32.lib user32.lib gdi32.lib winspool.lib comdlg32.lib advapi32.lib shell32.lib ole32.lib oleaut32.lib uuid.lib odbc32.lib odbccp32.lib /MANIFEST /ManifestFile:"Debug\268.exe.intermediate.manifest" /MANIFESTUAC:"level='asInvoker' uiAccess='false'" /DEBUG /PDB:"E:\【learing】\C++learning\homework1\268\Debug\268.pdb" /SUBSYSTEM:CONSOLE /TLBID:1 /DYNAMICBASE /NXCOMPAT /IMPLIB:"E:\【learing】\C++learning\homework1\268\Debug\268.lib" /MACHINE:X86 Debug\268.exe.embed.manifest.res
         Debug\268.obj
         Debug\Solution.obj
         Debug\stdafx.obj
       Manifest:
         C:\Program Files (x86)\Microsoft SDKs\Windows\v7.0A\bin\mt.exe /nologo /verbose /out:"Debug\268.exe.embed.manifest" /manifest Debug\268.exe.intermediate.manifest
         所有输出均为最新。
       LinkEmbedManifest:
         所有输出均为最新。
         268.vcxproj -> E:\【learing】\C++learning\homework1\268\Debug\268.exe
       FinalizeBuildStatus:
         正在删除文件“Debug\268.unsuccessfulbuild”。
         正在对“Debug\268.lastbuildstate”执行 Touch 任务。
     1>已完成生成项目“E:\【learing】\C++learning\homework1\268\268\268.vcxproj”(build 个目标)的操作。

生成成功。

已用时间 00:00:03.24
