生成启动时间为 2019/10/5 14:18:03。
     1>项目“E:\【learing】\C++learning\homework1\189\189\189.vcxproj”在节点 2 上(build 个目标)。
     1>InitializeBuildStatus:
         正在创建“Debug\189.unsuccessfulbuild”，因为已指定“AlwaysCreate”。
       ClCompile:
         所有输出均为最新。
         e:\program files\VS2010\VC\bin\CL.exe /c /ZI /nologo /W3 /WX- /Od /Oy- /D WIN32 /D _DEBUG /D _CONSOLE /D _UNICODE /D UNICODE /Gm /EHsc /RTC1 /MDd /GS /fp:precise /Zc:wchar_t /Zc:forScope /Yu"StdAfx.h" /Fp"Debug\189.pch" /Fo"Debug\\" /Fd"Debug\vc100.pdb" /Gd /TP /analyze- /errorReport:prompt 189.cpp
         189.cpp
     1>e:\【learing】\c++learning\homework1\189\189\189.cpp(20): warning C4018: “<”: 有符号/无符号不匹配
       ManifestResourceCompile:
         所有输出均为最新。
       Link:
         e:\program files\VS2010\VC\bin\link.exe /ERRORREPORT:PROMPT /OUT:"E:\【learing】\C++learning\homework1\189\Debug\189.exe" /INCREMENTAL /NOLOGO kernel32.lib user32.lib gdi32.lib winspool.lib comdlg32.lib advapi32.lib shell32.lib ole32.lib oleaut32.lib uuid.lib odbc32.lib odbccp32.lib /MANIFEST /ManifestFile:"Debug\189.exe.intermediate.manifest" /MANIFESTUAC:"level='asInvoker' uiAccess='false'" /DEBUG /PDB:"E:\【learing】\C++learning\homework1\189\Debug\189.pdb" /SUBSYSTEM:CONSOLE /TLBID:1 /DYNAMICBASE /NXCOMPAT /IMPLIB:"E:\【learing】\C++learning\homework1\189\Debug\189.lib" /MACHINE:X86 Debug\189.exe.embed.manifest.res
         Debug\189.obj
         Debug\Solution.obj
         Debug\stdafx.obj
       Manifest:
         C:\Program Files (x86)\Microsoft SDKs\Windows\v7.0A\bin\mt.exe /nologo /verbose /out:"Debug\189.exe.embed.manifest" /manifest Debug\189.exe.intermediate.manifest
         所有输出均为最新。
       LinkEmbedManifest:
         所有输出均为最新。
         189.vcxproj -> E:\【learing】\C++learning\homework1\189\Debug\189.exe
       FinalizeBuildStatus:
         正在删除文件“Debug\189.unsuccessfulbuild”。
         正在对“Debug\189.lastbuildstate”执行 Touch 任务。
     1>已完成生成项目“E:\【learing】\C++learning\homework1\189\189\189.vcxproj”(build 个目标)的操作。

生成成功。

已用时间 00:00:07.17
